#
# There is insufficient memory for the Java Runtime Environment to continue.
# Native memory allocation (mmap) failed to map 104857600 bytes. Error detail: G1 virtual space
# Possible reasons:
#   The system is out of physical RAM or swap space
#   This process is running with CompressedOops enabled, and the Java Heap may be blocking the growth of the native heap
# Possible solutions:
#   Reduce memory load on the system
#   Increase physical memory or swap space
#   Check if swap backing store is full
#   Decrease Java heap size (-Xmx/-Xms)
#   Decrease number of Java threads
#   Decrease Java thread stack sizes (-Xss)
#   Set larger code cache with -XX:ReservedCodeCacheSize=
#   JVM is running with Zero Based Compressed Oops mode in which the Java heap is
#     placed in the first 32GB address space. The Java Heap base address is the
#     maximum limit for the native heap growth. Please use -XX:HeapBaseMinAddress
#     to set the Java Heap base and to place the Java Heap above 32GB virtual address.
# This output file may be truncated or incomplete.
#
#  Out of Memory Error (os_windows.cpp:3707), pid=8780, tid=14372
#
# JRE version: OpenJDK Runtime Environment Corretto-23.0.2.7.1 (23.0.2+7) (build 23.0.2+7-FR)
# Java VM: OpenJDK 64-Bit Server VM Corretto-23.0.2.7.1 (23.0.2+7-FR, mixed mode, emulated-client, sharing, tiered, compressed oops, compressed class ptrs, g1 gc, windows-amd64)
# No core dump will be written. Minidumps are not enabled by default on client versions of Windows
#

---------------  S U M M A R Y ------------

Command Line: -XX:TieredStopAtLevel=1 -Dspring.output.ansi.enabled=always -Dcom.sun.management.jmxremote -Dspring.jmx.enabled=true -Dspring.liveBeansView.mbeanDomain -Dspring.application.admin.enabled=true -Dmanagement.endpoints.jmx.exposure.include=* -javaagent:C:\Program Files\JetBrains\IntelliJ IDEA 2024.3.5\lib\idea_rt.jar=54358 -Dfile.encoding=UTF-8 -Dsun.stdout.encoding=UTF-8 -Dsun.stderr.encoding=UTF-8 com.example.security.SecurityApplication

Host: 11th Gen Intel(R) Core(TM) i5-11300H @ 3.10GHz, 8 cores, 15G,  Windows 10 , 64 bit Build 19041 (10.0.19041.5678)
Time: Wed May 14 16:50:27 2025 SE Asia Standard Time elapsed time: 3.819156 seconds (0d 0h 0m 3s)

---------------  T H R E A D  ---------------

Current thread (0x0000024539f45860):  VMThread "VM Thread"          [id=14372, stack(0x00000057e6500000,0x00000057e6600000) (1024K)]

Stack: [0x00000057e6500000,0x00000057e6600000]
Native frames: (J=compiled Java code, j=interpreted, Vv=VM code, C=native code)
V  [jvm.dll+0x6f3b69]  (no source info available)
V  [jvm.dll+0x8e5d05]  (no source info available)
V  [jvm.dll+0x8e7fbe]  (no source info available)
V  [jvm.dll+0x8e86a3]  (no source info available)
V  [jvm.dll+0x285ee6]  (no source info available)
V  [jvm.dll+0x6f03c5]  (no source info available)
V  [jvm.dll+0x6e3dba]  (no source info available)
V  [jvm.dll+0x36a35b]  (no source info available)
V  [jvm.dll+0x372796]  (no source info available)
V  [jvm.dll+0x35ee56]  (no source info available)
V  [jvm.dll+0x35f118]  (no source info available)
V  [jvm.dll+0x336cfc]  (no source info available)
V  [jvm.dll+0x336d8a]  (no source info available)
V  [jvm.dll+0x3835fd]  (no source info available)
V  [jvm.dll+0x381be2]  (no source info available)
V  [jvm.dll+0x336457]  (no source info available)
V  [jvm.dll+0x381384]  (no source info available)
V  [jvm.dll+0x8ee398]  (no source info available)
V  [jvm.dll+0x8ef6a7]  (no source info available)
V  [jvm.dll+0x8efbd8]  (no source info available)
V  [jvm.dll+0x8efe63]  (no source info available)
V  [jvm.dll+0x88b4a8]  (no source info available)
V  [jvm.dll+0x6f23a5]  (no source info available)
C  [ucrtbase.dll+0x21bb2]  (no source info available)
C  [KERNEL32.DLL+0x17374]  (no source info available)
C  [ntdll.dll+0x4cc91]  (no source info available)

VM_Operation (0x00000057e82fec20): G1CollectForAllocation, mode: safepoint, requested by thread 0x000002457fa8d4c0


---------------  P R O C E S S  ---------------

Threads class SMR info:
_java_thread_list=0x00000245016e26c0, length=22, elements={
0x00000245269a3b60, 0x0000024539f5e660, 0x0000024539f5f580, 0x0000024539f623b0,
0x0000024539f63f80, 0x0000024539f649e0, 0x0000024539f65440, 0x0000024539f71630,
0x000002457f0abe90, 0x000002457f0b7230, 0x000002457f0b9b00, 0x000002457f2e5870,
0x000002457f4da2c0, 0x000002457f4da930, 0x000002457f82c410, 0x000002457f8681d0,
0x000002457f8a89c0, 0x000002457f873380, 0x000002457fa8ef00, 0x000002457fa90940,
0x000002457fa8e870, 0x000002457fa8d4c0
}

Java Threads: ( => current thread )
  0x00000245269a3b60 JavaThread "main"                              [_thread_blocked, id=144, stack(0x00000057e5e00000,0x00000057e5f00000) (1024K)]
  0x0000024539f5e660 JavaThread "Reference Handler"          daemon [_thread_blocked, id=3960, stack(0x00000057e6600000,0x00000057e6700000) (1024K)]
  0x0000024539f5f580 JavaThread "Finalizer"                  daemon [_thread_blocked, id=13884, stack(0x00000057e6700000,0x00000057e6800000) (1024K)]
  0x0000024539f623b0 JavaThread "Signal Dispatcher"          daemon [_thread_blocked, id=14368, stack(0x00000057e6800000,0x00000057e6900000) (1024K)]
  0x0000024539f63f80 JavaThread "Attach Listener"            daemon [_thread_blocked, id=13556, stack(0x00000057e6900000,0x00000057e6a00000) (1024K)]
  0x0000024539f649e0 JavaThread "Service Thread"             daemon [_thread_blocked, id=12244, stack(0x00000057e6a00000,0x00000057e6b00000) (1024K)]
  0x0000024539f65440 JavaThread "Monitor Deflation Thread"   daemon [_thread_blocked, id=4160, stack(0x00000057e6b00000,0x00000057e6c00000) (1024K)]
  0x0000024539f71630 JavaThread "C1 CompilerThread0"         daemon [_thread_blocked, id=8748, stack(0x00000057e6c00000,0x00000057e6d00000) (1024K)]
  0x000002457f0abe90 JavaThread "Common-Cleaner"             daemon [_thread_blocked, id=3156, stack(0x00000057e6d00000,0x00000057e6e00000) (1024K)]
  0x000002457f0b7230 JavaThread "C1 CompilerThread1"         daemon [_thread_blocked, id=6340, stack(0x00000057e6e00000,0x00000057e6f00000) (1024K)]
  0x000002457f0b9b00 JavaThread "C1 CompilerThread2"         daemon [_thread_blocked, id=8036, stack(0x00000057e6f00000,0x00000057e7000000) (1024K)]
  0x000002457f2e5870 JavaThread "C1 CompilerThread3"         daemon [_thread_blocked, id=14472, stack(0x00000057e7000000,0x00000057e7100000) (1024K)]
  0x000002457f4da2c0 JavaThread "Monitor Ctrl-Break"         daemon [_thread_in_native, id=16176, stack(0x00000057e7100000,0x00000057e7200000) (1024K)]
  0x000002457f4da930 JavaThread "Notification Thread"        daemon [_thread_blocked, id=8832, stack(0x00000057e7200000,0x00000057e7300000) (1024K)]
  0x000002457f82c410 JavaThread "RMI TCP Accept-0"           daemon [_thread_in_native, id=12972, stack(0x00000057e7300000,0x00000057e7400000) (1024K)]
  0x000002457f8681d0 JavaThread "RMI TCP Connection(1)-172.20.233.142" daemon [_thread_in_native, id=4592, stack(0x00000057e7400000,0x00000057e7500000) (1024K)]
  0x000002457f8a89c0 JavaThread "RMI Scheduler(0)"           daemon [_thread_blocked, id=14108, stack(0x00000057e7500000,0x00000057e7600000) (1024K)]
  0x000002457f873380 JavaThread "JMX server connection timeout 26" daemon [_thread_blocked, id=492, stack(0x00000057e7600000,0x00000057e7700000) (1024K)]
  0x000002457fa8ef00 JavaThread "Thread-0"                          [_thread_blocked, id=15028, stack(0x00000057e7e00000,0x00000057e7f00000) (1024K)]
  0x000002457fa90940 JavaThread "restartedMain"                     [_thread_blocked, id=1992, stack(0x00000057e7f00000,0x00000057e8000000) (1024K)]
  0x000002457fa8e870 JavaThread "mysql-cj-abandoned-connection-cleanup" daemon [_thread_blocked, id=2644, stack(0x00000057e8000000,0x00000057e8100000) (1024K)]
  0x000002457fa8d4c0 JavaThread "Catalina-utility-1"                [_thread_blocked, id=3012, stack(0x00000057e8200000,0x00000057e8300000) (1024K)]
Total: 22

Other Threads:
=>0x0000024539f45860 VMThread "VM Thread"                           [id=14372, stack(0x00000057e6500000,0x00000057e6600000) (1024K)]
  0x0000024539f34a30 WatcherThread "VM Periodic Task Thread"        [id=14784, stack(0x00000057e6400000,0x00000057e6500000) (1024K)]
  0x000002452486df30 WorkerThread "GC Thread#0"                     [id=4480, stack(0x00000057e5f00000,0x00000057e6000000) (1024K)]
  0x000002457f931460 WorkerThread "GC Thread#1"                     [id=13300, stack(0x00000057e7700000,0x00000057e7800000) (1024K)]
  0x000002457f931bc0 WorkerThread "GC Thread#2"                     [id=7368, stack(0x00000057e7800000,0x00000057e7900000) (1024K)]
  0x000002457f931f70 WorkerThread "GC Thread#3"                     [id=2732, stack(0x00000057e7900000,0x00000057e7a00000) (1024K)]
  0x000002457f9326d0 WorkerThread "GC Thread#4"                     [id=15940, stack(0x00000057e7a00000,0x00000057e7b00000) (1024K)]
  0x000002457f931810 WorkerThread "GC Thread#5"                     [id=6576, stack(0x00000057e7b00000,0x00000057e7c00000) (1024K)]
  0x000002457f932320 WorkerThread "GC Thread#6"                     [id=4360, stack(0x00000057e7c00000,0x00000057e7d00000) (1024K)]
  0x000002457f932a80 WorkerThread "GC Thread#7"                     [id=2232, stack(0x00000057e7d00000,0x00000057e7e00000) (1024K)]
  0x0000024526a1b1d0 ConcurrentGCThread "G1 Main Marker"            [id=11616, stack(0x00000057e6000000,0x00000057e6100000) (1024K)]
  0x0000024526a1cb00 WorkerThread "G1 Conc#0"                       [id=8120, stack(0x00000057e6100000,0x00000057e6200000) (1024K)]
  0x000002457fac6740 WorkerThread "G1 Conc#1"                       [id=8288, stack(0x00000057e8100000,0x00000057e8200000) (1024K)]
  0x0000024539e0a5b0 ConcurrentGCThread "G1 Refine#0"               [id=3252, stack(0x00000057e6200000,0x00000057e6300000) (1024K)]
  0x0000024539e0ade0 ConcurrentGCThread "G1 Service"                [id=8260, stack(0x00000057e6300000,0x00000057e6400000) (1024K)]
Total: 15

Threads with active compile tasks:
C1 CompilerThread2  3871 4769       1       java.util.concurrent.locks.AbstractQueuedSynchronizer::release (19 bytes)
Total: 1

VM state: at safepoint (normal execution)

VM Mutex/Monitor currently owned by a thread:  ([mutex/lock_event])
[0x00007ff9d5007cd8] Threads_lock - owner thread: 0x0000024539f45860
[0x00007ff9d5007dd8] Heap_lock - owner thread: 0x000002457fa8d4c0

Heap address: 0x0000000704000000, size: 4032 MB, Compressed Oops mode: Zero based, Oop shift amount: 3

CDS archive(s) mapped at: [0x000002453a000000-0x000002453ad70000-0x000002453ad70000), size 14090240, SharedBaseAddress: 0x000002453a000000, ArchiveRelocationMode: 1.
Compressed class space mapped at: 0x000002453b000000-0x000002457b000000, reserved size: 1073741824
Narrow klass base: 0x000002453a000000, Narrow klass shift: 0, Narrow klass range: 0x41000000

GC Precious Log:
 CardTable entry size: 512
 Card Set container configuration: InlinePtr #cards 4 size 8 Array Of Cards #cards 16 size 48 Howl #buckets 8 coarsen threshold 3686 Howl Bitmap #cards 512 size 80 coarsen threshold 460 Card regions per heap region 1 cards per card region 4096
 CPUs: 8 total, 8 available
 Memory: 16122M
 Large Page Support: Disabled
 NUMA Support: Disabled
 Compressed Oops: Enabled (Zero based)
 Heap Region Size: 2M
 Heap Min Capacity: 8M
 Heap Initial Capacity: 252M
 Heap Max Capacity: 4032M
 Pre-touch: Disabled
 Parallel Workers: 8
 Concurrent Workers: 2
 Concurrent Refinement Workers: 8
 Periodic GC: Disabled

Heap:
 garbage-first heap   total reserved 4128768K, committed 55296K, used 20851K [0x0000000704000000, 0x0000000800000000)
  region size 2048K, 1 young (2048K), 1 survivors (2048K)
 Metaspace       used 31632K, committed 32256K, reserved 1114112K
  class space    used 4459K, committed 4736K, reserved 1048576K

Heap Regions: E=young(eden), S=young(survivor), O=old, HS=humongous(starts), HC=humongous(continues), CS=collection set, F=free, TAMS=top-at-mark-start, PB=parsable bottom
|   0|0x0000000704000000, 0x0000000704200000, 0x0000000704200000|100%| O|  |TAMS 0x0000000704000000| PB 0x0000000704000000| Untracked |  0
|   1|0x0000000704200000, 0x0000000704400000, 0x0000000704400000|100%| O|  |TAMS 0x0000000704200000| PB 0x0000000704200000| Untracked |  0
|   2|0x0000000704400000, 0x0000000704600000, 0x0000000704600000|100%| O|  |TAMS 0x0000000704400000| PB 0x0000000704400000| Untracked |  0
|   3|0x0000000704600000, 0x0000000704800000, 0x0000000704800000|100%| O|  |TAMS 0x0000000704600000| PB 0x0000000704600000| Untracked |  0
|   4|0x0000000704800000, 0x0000000704854bf0, 0x0000000704a00000| 16%| O|  |TAMS 0x0000000704800000| PB 0x0000000704800000| Untracked |  0
|   5|0x0000000704a00000, 0x0000000704c00000, 0x0000000704c00000|100%| O|  |TAMS 0x0000000704a00000| PB 0x0000000704a00000| Untracked |  0
|   6|0x0000000704c00000, 0x0000000704e00000, 0x0000000704e00000|100%| O|  |TAMS 0x0000000704c00000| PB 0x0000000704c00000| Untracked |  0
|   7|0x0000000704e00000, 0x0000000705000000, 0x0000000705000000|100%| O|  |TAMS 0x0000000704e00000| PB 0x0000000704e00000| Untracked |  0
|   8|0x0000000705000000, 0x0000000705200000, 0x0000000705200000|100%| O|  |TAMS 0x0000000705000000| PB 0x0000000705000000| Untracked |  0
|   9|0x0000000705200000, 0x0000000705400000, 0x0000000705400000|100%| O|  |TAMS 0x0000000705200000| PB 0x0000000705200000| Untracked |  0
|  10|0x0000000705400000, 0x0000000705412270, 0x0000000705600000|  3%| O|  |TAMS 0x0000000705400000| PB 0x0000000705400000| Untracked |  0
|  11|0x0000000705600000, 0x0000000705600000, 0x0000000705800000|  0%| F|  |TAMS 0x0000000705600000| PB 0x0000000705600000| Untracked |  0
|  12|0x0000000705800000, 0x0000000705800000, 0x0000000705a00000|  0%| F|  |TAMS 0x0000000705800000| PB 0x0000000705800000| Untracked |  0
|  13|0x0000000705a00000, 0x0000000705a00000, 0x0000000705c00000|  0%| F|  |TAMS 0x0000000705a00000| PB 0x0000000705a00000| Untracked |  0
|  14|0x0000000705c00000, 0x0000000705c00000, 0x0000000705e00000|  0%| F|  |TAMS 0x0000000705c00000| PB 0x0000000705c00000| Untracked |  0
|  15|0x0000000705e00000, 0x0000000705ff5fc0, 0x0000000706000000| 98%| S|CS|TAMS 0x0000000705e00000| PB 0x0000000705e00000| Complete |  0
|  16|0x0000000706000000, 0x0000000706000000, 0x0000000706200000|  0%| F|  |TAMS 0x0000000706000000| PB 0x0000000706000000| Untracked |  0
|  17|0x0000000706200000, 0x0000000706200000, 0x0000000706400000|  0%| F|  |TAMS 0x0000000706200000| PB 0x0000000706200000| Untracked |  0
|  18|0x0000000706400000, 0x0000000706400000, 0x0000000706600000|  0%| F|  |TAMS 0x0000000706400000| PB 0x0000000706400000| Untracked |  0
|  19|0x0000000706600000, 0x0000000706600000, 0x0000000706800000|  0%| F|  |TAMS 0x0000000706600000| PB 0x0000000706600000| Untracked |  0
|  20|0x0000000706800000, 0x0000000706800000, 0x0000000706a00000|  0%| F|  |TAMS 0x0000000706800000| PB 0x0000000706800000| Untracked |  0
|  21|0x0000000706a00000, 0x0000000706a00000, 0x0000000706c00000|  0%| F|  |TAMS 0x0000000706a00000| PB 0x0000000706a00000| Untracked |  0
|  22|0x0000000706c00000, 0x0000000706c00000, 0x0000000706e00000|  0%| F|  |TAMS 0x0000000706c00000| PB 0x0000000706c00000| Untracked |  0
|  97|0x0000000710200000, 0x0000000710200000, 0x0000000710400000|  0%| F|  |TAMS 0x0000000710200000| PB 0x0000000710200000| Untracked |  0
|  98|0x0000000710400000, 0x0000000710400000, 0x0000000710600000|  0%| F|  |TAMS 0x0000000710400000| PB 0x0000000710400000| Untracked |  0
|  99|0x0000000710600000, 0x0000000710600000, 0x0000000710800000|  0%| F|  |TAMS 0x0000000710600000| PB 0x0000000710600000| Untracked |  0
| 125|0x0000000713a00000, 0x0000000713a00000, 0x0000000713c00000|  0%| F|  |TAMS 0x0000000713a00000| PB 0x0000000713a00000| Untracked |  0

Card table byte_map: [0x0000024532e40000,0x0000024533620000] _byte_map_base: 0x000002452f620000

Marking Bits: (CMBitMap*) 0x000002452486e550
 Bits: [0x0000024533620000, 0x0000024537520000)

Polling page: 0x0000024524a30000

Metaspace:

Usage:
  Non-class:     26.54 MB used.
      Class:      4.36 MB used.
       Both:     30.89 MB used.

Virtual space:
  Non-class space:       64.00 MB reserved,      26.88 MB ( 42%) committed,  1 nodes.
      Class space:        1.00 GB reserved,       4.62 MB ( <1%) committed,  1 nodes.
             Both:        1.06 GB reserved,      31.50 MB (  3%) committed. 

Chunk freelists:
   Non-Class:  4.23 MB
       Class:  11.28 MB
        Both:  15.52 MB

MaxMetaspaceSize: unlimited
CompressedClassSpaceSize: 1.00 GB
Initial GC threshold: 21.00 MB
Current GC threshold: 35.31 MB
CDS: on
 - commit_granule_bytes: 65536.
 - commit_granule_words: 8192.
 - virtual_space_node_default_size: 8388608.
 - enlarge_chunks_in_place: 1.
 - use_allocation_guard: 0.


Internal statistics:

num_allocs_failed_limit: 3.
num_arena_births: 712.
num_arena_deaths: 0.
num_vsnodes_births: 2.
num_vsnodes_deaths: 0.
num_space_committed: 504.
num_space_uncommitted: 0.
num_chunks_returned_to_freelist: 3.
num_chunks_taken_from_freelist: 1791.
num_chunk_merges: 3.
num_chunk_splits: 1199.
num_chunks_enlarged: 827.
num_inconsistent_stats: 0.

CodeCache: size=49152Kb used=8925Kb max_used=8925Kb free=40226Kb
 bounds [0x000002452f330000, 0x000002452fbf0000, 0x0000024532330000]
 total_blobs=5343, nmethods=4768, adapters=496, full_count=0
Compilation: enabled, stopped_count=0, restarted_count=0

Compilation events (20 events):
Event: 3.794 Thread 0x000002457f2e5870 4761   !   1       java.io.ObjectInputStream::readObject0 (681 bytes)
Event: 3.794 Thread 0x000002457f0b9b00 nmethod 4760 0x000002452fbe1c08 code [0x000002452fbe1d40, 0x000002452fbe1fe0]
Event: 3.794 Thread 0x000002457f0b9b00 4762       1       java.io.ObjectInputStream$HandleTable::markDependency (175 bytes)
Event: 3.794 Thread 0x000002457f0b7230 nmethod 4757 0x000002452fbe2008 code [0x000002452fbe2140, 0x000002452fbe2458]
Event: 3.795 Thread 0x000002457f0b9b00 nmethod 4762 0x000002452fbe2508 code [0x000002452fbe26a0, 0x000002452fbe2c98]
Event: 3.795 Thread 0x0000024539f71630 nmethod 4758 0x000002452fbe2d08 code [0x000002452fbe2f20, 0x000002452fbe3920]
Event: 3.796 Thread 0x000002457f0b9b00 4764       1       java.io.ObjectStreamField::getOffset (5 bytes)
Event: 3.796 Thread 0x000002457f0b7230 4763       1       jdk.internal.util.ByteArray::getInt (9 bytes)
Event: 3.796 Thread 0x000002457f0b9b00 nmethod 4764 0x000002452fbe3a08 code [0x000002452fbe3b20, 0x000002452fbe3be8]
Event: 3.797 Thread 0x000002457f0b7230 nmethod 4763 0x000002452fbe3d08 code [0x000002452fbe3e20, 0x000002452fbe3f40]
Event: 3.797 Thread 0x000002457f2e5870 nmethod 4761 0x000002452fbe4008 code [0x000002452fbe45a0, 0x000002452fbe6310]
Event: 3.798 Thread 0x0000024539f71630 4765   !   1       java.io.ObjectInputStream::readObject (160 bytes)
Event: 3.798 Thread 0x000002457f2e5870 4766       1       java.io.ObjectInputStream$BlockDataInputStream::currentBlockRemaining (41 bytes)
Event: 3.799 Thread 0x000002457f0b9b00 4767       1       java.io.ObjectInputStream::readObject (7 bytes)
Event: 3.799 Thread 0x000002457f2e5870 nmethod 4766 0x000002452fbe6408 code [0x000002452fbe6520, 0x000002452fbe66c0]
Event: 3.799 Thread 0x000002457f0b7230 4768       1       java.io.ObjectStreamClass::getResolveException (5 bytes)
Event: 3.799 Thread 0x000002457f0b9b00 nmethod 4767 0x000002452fbe6708 code [0x000002452fbe6820, 0x000002452fbe6908]
Event: 3.799 Thread 0x000002457f0b7230 nmethod 4768 0x000002452fbe6a08 code [0x000002452fbe6b20, 0x000002452fbe6bf0]
Event: 3.799 Thread 0x0000024539f71630 nmethod 4765 0x000002452fbe6d08 code [0x000002452fbe6ea0, 0x000002452fbe7420]
Event: 3.810 Thread 0x000002457f0b9b00 4769       1       java.util.concurrent.locks.AbstractQueuedSynchronizer::release (19 bytes)

GC Heap History (13 events):
Event: 0.643 GC heap before
{Heap before GC invocations=0 (full 0):
 garbage-first heap   total reserved 4128768K, committed 258048K, used 22528K [0x0000000704000000, 0x0000000800000000)
  region size 2048K, 12 young (24576K), 0 survivors (0K)
 Metaspace       used 6801K, committed 7168K, reserved 1114112K
  class space    used 861K, committed 1024K, reserved 1048576K
}
Event: 0.652 GC heap after
{Heap after GC invocations=1 (full 0):
 garbage-first heap   total reserved 4128768K, committed 258048K, used 8447K [0x0000000704000000, 0x0000000800000000)
  region size 2048K, 2 young (4096K), 2 survivors (4096K)
 Metaspace       used 6801K, committed 7168K, reserved 1114112K
  class space    used 861K, committed 1024K, reserved 1048576K
}
Event: 1.024 GC heap before
{Heap before GC invocations=1 (full 0):
 garbage-first heap   total reserved 4128768K, committed 258048K, used 24831K [0x0000000704000000, 0x0000000800000000)
  region size 2048K, 11 young (22528K), 2 survivors (4096K)
 Metaspace       used 10128K, committed 10432K, reserved 1114112K
  class space    used 1354K, committed 1472K, reserved 1048576K
}
Event: 1.028 GC heap after
{Heap after GC invocations=2 (full 0):
 garbage-first heap   total reserved 4128768K, committed 258048K, used 9975K [0x0000000704000000, 0x0000000800000000)
  region size 2048K, 1 young (2048K), 1 survivors (2048K)
 Metaspace       used 10128K, committed 10432K, reserved 1114112K
  class space    used 1354K, committed 1472K, reserved 1048576K
}
Event: 1.737 GC heap before
{Heap before GC invocations=2 (full 0):
 garbage-first heap   total reserved 4128768K, committed 258048K, used 57079K [0x0000000704000000, 0x0000000800000000)
  region size 2048K, 26 young (53248K), 1 survivors (2048K)
 Metaspace       used 21097K, committed 21504K, reserved 1114112K
  class space    used 2887K, committed 3072K, reserved 1048576K
}
Event: 1.742 GC heap after
{Heap after GC invocations=3 (full 0):
 garbage-first heap   total reserved 4128768K, committed 258048K, used 13807K [0x0000000704000000, 0x0000000800000000)
  region size 2048K, 3 young (6144K), 3 survivors (6144K)
 Metaspace       used 21097K, committed 21504K, reserved 1114112K
  class space    used 2887K, committed 3072K, reserved 1048576K
}
Event: 2.366 GC heap before
{Heap before GC invocations=4 (full 0):
 garbage-first heap   total reserved 4128768K, committed 55296K, used 40431K [0x0000000704000000, 0x0000000800000000)
  region size 2048K, 16 young (32768K), 3 survivors (6144K)
 Metaspace       used 22913K, committed 23360K, reserved 1114112K
  class space    used 3168K, committed 3328K, reserved 1048576K
}
Event: 2.373 GC heap after
{Heap after GC invocations=5 (full 0):
 garbage-first heap   total reserved 4128768K, committed 55296K, used 15454K [0x0000000704000000, 0x0000000800000000)
  region size 2048K, 1 young (2048K), 1 survivors (2048K)
 Metaspace       used 22913K, committed 23360K, reserved 1114112K
  class space    used 3168K, committed 3328K, reserved 1048576K
}
Event: 2.893 GC heap before
{Heap before GC invocations=5 (full 0):
 garbage-first heap   total reserved 4128768K, committed 55296K, used 37982K [0x0000000704000000, 0x0000000800000000)
  region size 2048K, 12 young (24576K), 1 survivors (2048K)
 Metaspace       used 25673K, committed 26112K, reserved 1114112K
  class space    used 3586K, committed 3776K, reserved 1048576K
}
Event: 2.898 GC heap after
{Heap after GC invocations=6 (full 0):
 garbage-first heap   total reserved 4128768K, committed 55296K, used 16809K [0x0000000704000000, 0x0000000800000000)
  region size 2048K, 2 young (4096K), 2 survivors (4096K)
 Metaspace       used 25673K, committed 26112K, reserved 1114112K
  class space    used 3586K, committed 3776K, reserved 1048576K
}
Event: 3.387 GC heap before
{Heap before GC invocations=6 (full 0):
 garbage-first heap   total reserved 4128768K, committed 55296K, used 39337K [0x0000000704000000, 0x0000000800000000)
  region size 2048K, 13 young (26624K), 2 survivors (4096K)
 Metaspace       used 28488K, committed 28992K, reserved 1114112K
  class space    used 4072K, committed 4288K, reserved 1048576K
}
Event: 3.394 GC heap after
{Heap after GC invocations=7 (full 0):
 garbage-first heap   total reserved 4128768K, committed 55296K, used 18993K [0x0000000704000000, 0x0000000800000000)
  region size 2048K, 2 young (4096K), 2 survivors (4096K)
 Metaspace       used 28488K, committed 28992K, reserved 1114112K
  class space    used 4072K, committed 4288K, reserved 1048576K
}
Event: 3.810 GC heap before
{Heap before GC invocations=7 (full 0):
 garbage-first heap   total reserved 4128768K, committed 55296K, used 39473K [0x0000000704000000, 0x0000000800000000)
  region size 2048K, 13 young (26624K), 2 survivors (4096K)
 Metaspace       used 31632K, committed 32256K, reserved 1114112K
  class space    used 4459K, committed 4736K, reserved 1048576K
}

Dll operation events (11 events):
Event: 0.013 Loaded shared library C:\Users\doans\.jdks\corretto-23.0.2\bin\java.dll
Event: 0.173 Loaded shared library C:\Users\doans\.jdks\corretto-23.0.2\bin\zip.dll
Event: 0.177 Loaded shared library C:\Users\doans\.jdks\corretto-23.0.2\bin\instrument.dll
Event: 0.181 Loaded shared library C:\Users\doans\.jdks\corretto-23.0.2\bin\net.dll
Event: 0.183 Loaded shared library C:\Users\doans\.jdks\corretto-23.0.2\bin\nio.dll
Event: 0.187 Loaded shared library C:\Users\doans\.jdks\corretto-23.0.2\bin\zip.dll
Event: 0.249 Loaded shared library C:\Users\doans\.jdks\corretto-23.0.2\bin\jimage.dll
Event: 0.293 Loaded shared library C:\Users\doans\.jdks\corretto-23.0.2\bin\extnet.dll
Event: 0.306 Loaded shared library C:\Users\doans\.jdks\corretto-23.0.2\bin\management.dll
Event: 0.315 Loaded shared library C:\Users\doans\.jdks\corretto-23.0.2\bin\management_ext.dll
Event: 1.683 Loaded shared library C:\Users\doans\.jdks\corretto-23.0.2\bin\sunmscapi.dll

Deoptimization events (2 events):
Event: 1.543 Thread 0x000002457fa8d4c0 DEOPT PACKING pc=0x000002452f78e164 sp=0x00000057e80fa600
Event: 1.543 Thread 0x000002457fa8d4c0 DEOPT UNPACKING pc=0x000002452f3884c2 sp=0x00000057e80f9a88 mode 0

Classes loaded (20 events):
Event: 3.703 Loading class java/io/OptionalDataException
Event: 3.703 Loading class java/io/OptionalDataException done
Event: 3.727 Loading class java/util/stream/SortedOps$SizedRefSortingSink
Event: 3.727 Loading class java/util/stream/SortedOps$SizedRefSortingSink done
Event: 3.743 Loading class javax/net/ssl/SSLException
Event: 3.743 Loading class javax/net/ssl/SSLException done
Event: 3.761 Loading class java/nio/channels/CompletionHandler
Event: 3.761 Loading class java/nio/channels/CompletionHandler done
Event: 3.782 Loading class java/io/InvalidClassException
Event: 3.782 Loading class java/io/InvalidClassException done
Event: 3.784 Loading class java/io/WriteAbortedException
Event: 3.784 Loading class java/io/WriteAbortedException done
Event: 3.795 Loading class sun/util/locale/LocaleExtensions
Event: 3.795 Loading class sun/util/locale/LocaleExtensions done
Event: 3.796 Loading class java/util/Locale$FilteringMode
Event: 3.796 Loading class java/util/Locale$FilteringMode done
Event: 3.796 Loading class java/util/Locale$IsoCountryCode
Event: 3.796 Loading class java/util/Locale$IsoCountryCode done
Event: 3.802 Loading class jdk/internal/vm/annotation/IntrinsicCandidate
Event: 3.802 Loading class jdk/internal/vm/annotation/IntrinsicCandidate done

Classes unloaded (0 events):
No events

Classes redefined (0 events):
No events

Internal exceptions (20 events):
Event: 3.109 Thread 0x000002457fa90940 Exception <a 'java/lang/NoSuchMethodError'{0x000000071031fb68}: 'void java.lang.invoke.DirectMethodHandle$Holder.invokeVirtual(java.lang.Object, java.lang.Object, int)'> (0x000000071031fb68) 
thrown [s\src\hotspot\share\interpreter\linkResolver.cpp, line 796]
Event: 3.111 Thread 0x000002457fa90940 Exception <a 'java/lang/NoSuchMethodError'{0x0000000710332230}: 'java.lang.Object java.lang.invoke.DirectMethodHandle$Holder.invokeStatic(java.lang.Object, java.lang.Object, java.lang.Object, java.lang.Object, int)'> (0x0000000710332230) 
thrown [s\src\hotspot\share\interpreter\linkResolver.cpp, line 796]
Event: 3.111 Thread 0x000002457fa90940 Exception <a 'java/lang/NoSuchMethodError'{0x00000007103396f0}: 'void java.lang.invoke.DelegatingMethodHandle$Holder.reinvoke_L(java.lang.Object, java.lang.Object, int)'> (0x00000007103396f0) 
thrown [s\src\hotspot\share\interpreter\linkResolver.cpp, line 796]
Event: 3.208 Thread 0x000002457fa90940 Exception <a 'java/lang/NoSuchMethodError'{0x0000000706aedd30}: 'java.lang.Object java.lang.invoke.DirectMethodHandle$Holder.invokeSpecialIFC(java.lang.Object, java.lang.Object, java.lang.Object)'> (0x0000000706aedd30) 
thrown [s\src\hotspot\share\interpreter\linkResolver.cpp, line 796]
Event: 3.221 Thread 0x000002457fa90940 Exception <a 'java/lang/NoSuchMethodError'{0x0000000706b52dc8}: 'java.lang.Object java.lang.invoke.DirectMethodHandle$Holder.invokeVirtual(java.lang.Object, java.lang.Object, java.lang.Object, java.lang.Object, java.lang.Object)'> (0x0000000706b52dc8) 
thrown [s\src\hotspot\share\interpreter\linkResolver.cpp, line 796]
Event: 3.279 Thread 0x000002457fa90940 Exception <a 'java/lang/NoSuchMethodError'{0x00000007066e1948}: 'java.lang.Object java.lang.invoke.DirectMethodHandle$Holder.invokeVirtual(java.lang.Object, java.lang.Object, java.lang.Object, java.lang.Object, java.lang.Object, java.lang.Object)'> (0x00000007066e1948) 
thrown [s\src\hotspot\share\interpreter\linkResolver.cpp, line 796]
Event: 3.303 Thread 0x000002457fa90940 Exception <a 'java/lang/NoSuchMethodError'{0x0000000706464c80}: 'void java.lang.invoke.DirectMethodHandle$Holder.invokeInterface(java.lang.Object, java.lang.Object, int)'> (0x0000000706464c80) 
thrown [s\src\hotspot\share\interpreter\linkResolver.cpp, line 796]
Event: 3.306 Thread 0x000002457fa90940 Exception <a 'java/lang/IncompatibleClassChangeError'{0x00000007064a8610}: Found class java.lang.Object, but interface was expected> (0x00000007064a8610) 
thrown [s\src\hotspot\share\interpreter\linkResolver.cpp, line 863]
Event: 3.317 Thread 0x000002457fa90940 Exception <a 'java/lang/NoSuchMethodError'{0x00000007065539f8}: 'int java.lang.invoke.DirectMethodHandle$Holder.invokeSpecial(java.lang.Object, java.lang.Object, int)'> (0x00000007065539f8) 
thrown [s\src\hotspot\share\interpreter\linkResolver.cpp, line 796]
Event: 3.319 Thread 0x000002457fa90940 Exception <a 'java/lang/NoSuchMethodError'{0x00000007065628b8}: 'void java.lang.invoke.DirectMethodHandle$Holder.invokeStatic(java.lang.Object, java.lang.Object, java.lang.Object, int, java.lang.Object)'> (0x00000007065628b8) 
thrown [s\src\hotspot\share\interpreter\linkResolver.cpp, line 796]
Event: 3.319 Thread 0x000002457fa90940 Exception <a 'java/lang/NoSuchMethodError'{0x00000007065692b0}: 'java.lang.Object java.lang.invoke.DirectMethodHandle$Holder.newInvokeSpecial(java.lang.Object, java.lang.Object, java.lang.Object, int)'> (0x00000007065692b0) 
thrown [s\src\hotspot\share\interpreter\linkResolver.cpp, line 796]
Event: 3.320 Thread 0x000002457fa90940 Exception <a 'java/lang/NoSuchMethodError'{0x000000070656d148}: 'java.lang.Object java.lang.invoke.DirectMethodHandle$Holder.invokeSpecial(java.lang.Object, java.lang.Object, java.lang.Object, java.lang.Object, int)'> (0x000000070656d148) 
thrown [s\src\hotspot\share\interpreter\linkResolver.cpp, line 796]
Event: 3.321 Thread 0x000002457fa90940 Exception <a 'java/lang/NoSuchMethodError'{0x00000007065705f8}: 'java.lang.Object java.lang.invoke.Invokers$Holder.linkToTargetMethod(java.lang.Object, java.lang.Object, int, java.lang.Object)'> (0x00000007065705f8) 
thrown [s\src\hotspot\share\interpreter\linkResolver.cpp, line 796]
Event: 3.517 Thread 0x000002457fa90940 Exception <a 'java/lang/NoSuchMethodError'{0x00000007103d7970}: 'int java.lang.invoke.DirectMethodHandle$Holder.invokeVirtual(java.lang.Object, java.lang.Object, java.lang.Object, java.lang.Object)'> (0x00000007103d7970) 
thrown [s\src\hotspot\share\interpreter\linkResolver.cpp, line 796]
Event: 3.517 Thread 0x000002457fa90940 Exception <a 'java/lang/NoSuchMethodError'{0x00000007103db248}: 'int java.lang.invoke.DelegatingMethodHandle$Holder.reinvoke_L(java.lang.Object, java.lang.Object, java.lang.Object, java.lang.Object)'> (0x00000007103db248) 
thrown [s\src\hotspot\share\interpreter\linkResolver.cpp, line 796]
Event: 3.542 Thread 0x000002457fa90940 Exception <a 'java/io/FileNotFoundException'{0x0000000706cea208}> (0x0000000706cea208) 
thrown [s\src\hotspot\share\prims\jni.cpp, line 520]
Event: 3.579 Thread 0x000002457fa90940 Exception <a 'java/lang/NoSuchMethodError'{0x0000000706b25280}: 'int java.lang.invoke.DirectMethodHandle$Holder.invokeInterface(java.lang.Object, java.lang.Object, java.lang.Object, java.lang.Object)'> (0x0000000706b25280) 
thrown [s\src\hotspot\share\interpreter\linkResolver.cpp, line 796]
Event: 3.610 Thread 0x000002457fa90940 Exception <a 'sun/nio/fs/WindowsException'{0x000000070686e280}> (0x000000070686e280) 
thrown [s\src\hotspot\share\prims\jni.cpp, line 520]
Event: 3.617 Thread 0x000002457fa90940 Exception <a 'java/lang/NoSuchMethodError'{0x000000070688ac88}: 'void java.lang.invoke.Invokers$Holder.invokeExact_MT(java.lang.Object, java.lang.Object, java.lang.Object, java.lang.Object)'> (0x000000070688ac88) 
thrown [s\src\hotspot\share\interpreter\linkResolver.cpp, line 796]
Event: 3.685 Thread 0x000002457fa90940 Exception <a 'java/lang/NoSuchMethodError'{0x00000007065f4058}: 'int java.lang.invoke.DirectMethodHandle$Holder.invokeStaticInit(java.lang.Object, int, java.lang.Object, java.lang.Object, java.lang.Object, java.lang.Object)'> (0x00000007065f4058) 
thrown [s\src\hotspot\share\interpreter\linkResolver.cpp, line 796]

VM Operations (20 events):
Event: 2.898 Executing VM operation: G1CollectForAllocation (G1 Evacuation Pause) done
Event: 3.118 Executing VM operation: HandshakeAllThreads (Deoptimize)
Event: 3.118 Executing VM operation: HandshakeAllThreads (Deoptimize) done
Event: 3.370 Executing VM operation: HandshakeAllThreads (Deoptimize)
Event: 3.370 Executing VM operation: HandshakeAllThreads (Deoptimize) done
Event: 3.386 Executing VM operation: G1CollectForAllocation (G1 Evacuation Pause)
Event: 3.394 Executing VM operation: G1CollectForAllocation (G1 Evacuation Pause) done
Event: 3.565 Executing VM operation: HandshakeAllThreads (Deoptimize)
Event: 3.565 Executing VM operation: HandshakeAllThreads (Deoptimize) done
Event: 3.611 Executing VM operation: HandshakeAllThreads (Deoptimize)
Event: 3.611 Executing VM operation: HandshakeAllThreads (Deoptimize) done
Event: 3.615 Executing VM operation: HandshakeAllThreads (Deoptimize)
Event: 3.615 Executing VM operation: HandshakeAllThreads (Deoptimize) done
Event: 3.717 Executing VM operation: HandshakeAllThreads (Deoptimize)
Event: 3.717 Executing VM operation: HandshakeAllThreads (Deoptimize) done
Event: 3.718 Executing VM operation: HandshakeAllThreads (Deoptimize)
Event: 3.718 Executing VM operation: HandshakeAllThreads (Deoptimize) done
Event: 3.806 Executing VM operation: HandshakeAllThreads (Deoptimize)
Event: 3.806 Executing VM operation: HandshakeAllThreads (Deoptimize) done
Event: 3.810 Executing VM operation: G1CollectForAllocation (G1 Evacuation Pause)

Memory protections (0 events):
No events

Nmethod flushes (0 events):
No events

Events (20 events):
Event: 0.871 Thread 0x00000245269a3b60 Thread added: 0x000002457fa8ef00
Event: 0.874 Thread 0x000002457fa8ef00 Thread added: 0x000002457fa90940
Event: 1.109 Thread 0x000002457f8681d0 Thread added: 0x000002457fa8db50
Event: 1.120 Thread 0x000002457fa8db50 Thread exited: 0x000002457fa8db50
Event: 1.258 Thread 0x000002457fa90940 Thread added: 0x000002457fa8d4c0
Event: 1.623 Thread 0x000002457f8681d0 Thread added: 0x000002457fa8e1e0
Event: 1.628 Thread 0x000002457fa8e1e0 Thread exited: 0x000002457fa8e1e0
Event: 1.697 Thread 0x000002457fa8d4c0 Thread exited: 0x000002457fa8d4c0
Event: 1.714 Thread 0x000002457fa90940 Thread added: 0x000002457fa8e1e0
Event: 1.783 Thread 0x000002457fa8e1e0 Thread exited: 0x000002457fa8e1e0
Event: 2.131 Thread 0x000002457f8681d0 Thread added: 0x000002457fa8d4c0
Event: 2.139 Thread 0x000002457fa8d4c0 Thread exited: 0x000002457fa8d4c0
Event: 2.642 Thread 0x000002457f8681d0 Thread added: 0x000002457fa8f590
Event: 2.647 Thread 0x000002457fa8f590 Thread exited: 0x000002457fa8f590
Event: 3.150 Thread 0x000002457f8681d0 Thread added: 0x000002457fa8d4c0
Event: 3.157 Thread 0x000002457fa8d4c0 Thread exited: 0x000002457fa8d4c0
Event: 3.642 Thread 0x000002457fa90940 Thread added: 0x000002457fa8e870
Event: 3.659 Thread 0x000002457f8681d0 Thread added: 0x000002457fa8d4c0
Event: 3.664 Thread 0x000002457fa8d4c0 Thread exited: 0x000002457fa8d4c0
Event: 3.810 Thread 0x000002457fa90940 Thread added: 0x000002457fa8d4c0


Dynamic libraries:
0x00007ff6cc760000 - 0x00007ff6cc76e000 	C:\Users\doans\.jdks\corretto-23.0.2\bin\java.exe
0x00007ffa0e190000 - 0x00007ffa0e388000 	C:\WINDOWS\SYSTEM32\ntdll.dll
0x00007ffa0d5f0000 - 0x00007ffa0d6b2000 	C:\WINDOWS\System32\KERNEL32.DLL
0x00007ffa0be10000 - 0x00007ffa0c106000 	C:\WINDOWS\System32\KERNELBASE.dll
0x00007ffa0bae0000 - 0x00007ffa0bbe0000 	C:\WINDOWS\System32\ucrtbase.dll
0x00007ffa07480000 - 0x00007ffa0749b000 	C:\Users\doans\.jdks\corretto-23.0.2\bin\VCRUNTIME140.dll
0x00007ffa07460000 - 0x00007ffa07477000 	C:\Users\doans\.jdks\corretto-23.0.2\bin\jli.dll
0x00007ffa0c1b0000 - 0x00007ffa0c34d000 	C:\WINDOWS\System32\USER32.dll
0x00007ffa0b820000 - 0x00007ffa0b842000 	C:\WINDOWS\System32\win32u.dll
0x00007ffa0dee0000 - 0x00007ffa0df0b000 	C:\WINDOWS\System32\GDI32.dll
0x00007ffa0bbe0000 - 0x00007ffa0bcfa000 	C:\WINDOWS\System32\gdi32full.dll
0x00007ffa0c110000 - 0x00007ffa0c1ad000 	C:\WINDOWS\System32\msvcp_win.dll
0x00007ff9ebb30000 - 0x00007ff9ebdca000 	C:\WINDOWS\WinSxS\amd64_microsoft.windows.common-controls_6595b64144ccf1df_6.0.19041.4355_none_60b8b9eb71f62e16\COMCTL32.dll
0x00007ffa0d6c0000 - 0x00007ffa0d75e000 	C:\WINDOWS\System32\msvcrt.dll
0x00007ffa0df80000 - 0x00007ffa0dfaf000 	C:\WINDOWS\System32\IMM32.DLL
0x00007ffa06640000 - 0x00007ffa0664c000 	C:\Users\doans\.jdks\corretto-23.0.2\bin\vcruntime140_1.dll
0x00007ff9f2480000 - 0x00007ff9f250d000 	C:\Users\doans\.jdks\corretto-23.0.2\bin\msvcp140.dll
0x00007ff9d4310000 - 0x00007ff9d50e8000 	C:\Users\doans\.jdks\corretto-23.0.2\bin\server\jvm.dll
0x00007ffa0c410000 - 0x00007ffa0c4bf000 	C:\WINDOWS\System32\ADVAPI32.dll
0x00007ffa0e030000 - 0x00007ffa0e0cf000 	C:\WINDOWS\System32\sechost.dll
0x00007ffa0cf10000 - 0x00007ffa0d033000 	C:\WINDOWS\System32\RPCRT4.dll
0x00007ffa0b850000 - 0x00007ffa0b877000 	C:\WINDOWS\System32\bcrypt.dll
0x00007ffa0db70000 - 0x00007ffa0dbdb000 	C:\WINDOWS\System32\WS2_32.dll
0x00007ffa0ad60000 - 0x00007ffa0adab000 	C:\WINDOWS\SYSTEM32\POWRPROF.dll
0x00007ffa03b20000 - 0x00007ffa03b47000 	C:\WINDOWS\SYSTEM32\WINMM.dll
0x00007ff9f6480000 - 0x00007ff9f648a000 	C:\WINDOWS\SYSTEM32\VERSION.dll
0x00007ffa0ac20000 - 0x00007ffa0ac32000 	C:\WINDOWS\SYSTEM32\UMPDC.dll
0x00007ffa0a040000 - 0x00007ffa0a052000 	C:\WINDOWS\SYSTEM32\kernel.appcore.dll
0x00007ffa05520000 - 0x00007ffa0552a000 	C:\Users\doans\.jdks\corretto-23.0.2\bin\jimage.dll
0x00007ffa09410000 - 0x00007ffa095f4000 	C:\WINDOWS\SYSTEM32\DBGHELP.DLL
0x00007ffa03a30000 - 0x00007ffa03a64000 	C:\WINDOWS\SYSTEM32\dbgcore.DLL
0x00007ffa0bd80000 - 0x00007ffa0be02000 	C:\WINDOWS\System32\bcryptPrimitives.dll
0x00007ffa04eb0000 - 0x00007ffa04ebe000 	C:\Users\doans\.jdks\corretto-23.0.2\bin\instrument.dll
0x00007ffa04e90000 - 0x00007ffa04eae000 	C:\Users\doans\.jdks\corretto-23.0.2\bin\java.dll
0x00007ffa0d040000 - 0x00007ffa0d16b000 	C:\WINDOWS\System32\ole32.dll
0x00007ffa0d810000 - 0x00007ffa0db65000 	C:\WINDOWS\System32\combase.dll
0x00007ffa0c5f0000 - 0x00007ffa0cd5f000 	C:\WINDOWS\System32\SHELL32.dll
0x00007ffa09880000 - 0x00007ffa0a023000 	C:\WINDOWS\SYSTEM32\windows.storage.dll
0x00007ffa0b250000 - 0x00007ffa0b27b000 	C:\WINDOWS\SYSTEM32\Wldp.dll
0x00007ffa0c4c0000 - 0x00007ffa0c58d000 	C:\WINDOWS\System32\OLEAUT32.dll
0x00007ffa0c360000 - 0x00007ffa0c40d000 	C:\WINDOWS\System32\SHCORE.dll
0x00007ffa0dbf0000 - 0x00007ffa0dc45000 	C:\WINDOWS\System32\shlwapi.dll
0x00007ffa0b750000 - 0x00007ffa0b775000 	C:\WINDOWS\SYSTEM32\profapi.dll
0x00007ffa04e70000 - 0x00007ffa04e87000 	C:\Users\doans\.jdks\corretto-23.0.2\bin\zip.dll
0x00007ffa04e40000 - 0x00007ffa04e50000 	C:\Users\doans\.jdks\corretto-23.0.2\bin\net.dll
0x00007ffa0afb0000 - 0x00007ffa0b01c000 	C:\WINDOWS\system32\mswsock.dll
0x00007ffa04e20000 - 0x00007ffa04e36000 	C:\Users\doans\.jdks\corretto-23.0.2\bin\nio.dll
0x00007ffa0ac90000 - 0x00007ffa0ad5a000 	C:\WINDOWS\SYSTEM32\DNSAPI.dll
0x00007ffa0ac40000 - 0x00007ffa0ac7b000 	C:\WINDOWS\SYSTEM32\IPHLPAPI.DLL
0x00007ffa0df70000 - 0x00007ffa0df78000 	C:\WINDOWS\System32\NSI.dll
0x00007ffa04e10000 - 0x00007ffa04e19000 	C:\Users\doans\.jdks\corretto-23.0.2\bin\extnet.dll
0x00007ffa038e0000 - 0x00007ffa038ea000 	C:\Windows\System32\rasadhlp.dll
0x00007ffa02360000 - 0x00007ffa023e0000 	C:\WINDOWS\System32\fwpuclnt.dll
0x00007ffa04e00000 - 0x00007ffa04e09000 	C:\Users\doans\.jdks\corretto-23.0.2\bin\management.dll
0x00007ffa04df0000 - 0x00007ffa04dfb000 	C:\Users\doans\.jdks\corretto-23.0.2\bin\management_ext.dll
0x00007ffa0c350000 - 0x00007ffa0c358000 	C:\WINDOWS\System32\PSAPI.DLL
0x00007ffa0b1a0000 - 0x00007ffa0b1b8000 	C:\WINDOWS\SYSTEM32\CRYPTSP.dll
0x00007ffa0a860000 - 0x00007ffa0a898000 	C:\WINDOWS\system32\rsaenh.dll
0x00007ffa0b710000 - 0x00007ffa0b73e000 	C:\WINDOWS\SYSTEM32\USERENV.dll
0x00007ffa0b1c0000 - 0x00007ffa0b1cc000 	C:\WINDOWS\SYSTEM32\CRYPTBASE.dll
0x00007ff9f11b0000 - 0x00007ff9f11c7000 	C:\WINDOWS\system32\napinsp.dll
0x00007ff9f1190000 - 0x00007ff9f11ab000 	C:\WINDOWS\system32\pnrpnsp.dll
0x00007ffa07f40000 - 0x00007ffa07f55000 	C:\WINDOWS\system32\wshbth.dll
0x00007ffa07d00000 - 0x00007ffa07d1d000 	C:\WINDOWS\system32\NLAapi.dll
0x00007ff9f1170000 - 0x00007ff9f1182000 	C:\WINDOWS\System32\winrnr.dll
0x00007ff9f2d90000 - 0x00007ff9f2de1000 	C:\WINDOWS\SYSTEM32\pdh.dll
0x00007ff9f2ba0000 - 0x00007ff9f2baf000 	C:\WINDOWS\System32\perfproc.dll
0x00007ff9f1dd0000 - 0x00007ff9f1ddf000 	C:\WINDOWS\System32\perfos.dll
0x00007ff9f2ee0000 - 0x00007ff9f2eee000 	C:\Users\doans\.jdks\corretto-23.0.2\bin\sunmscapi.dll
0x00007ffa0b880000 - 0x00007ffa0b9dd000 	C:\WINDOWS\System32\CRYPT32.dll
0x00007ffa0b2c0000 - 0x00007ffa0b2e7000 	C:\WINDOWS\SYSTEM32\ncrypt.dll
0x00007ffa0b280000 - 0x00007ffa0b2bb000 	C:\WINDOWS\SYSTEM32\NTASN1.dll

dbghelp: loaded successfully - version: 4.0.5 - missing functions: none
symbol engine: initialized successfully - sym options: 0x614 - pdb path: .;C:\Users\doans\.jdks\corretto-23.0.2\bin;C:\WINDOWS\SYSTEM32;C:\WINDOWS\WinSxS\amd64_microsoft.windows.common-controls_6595b64144ccf1df_6.0.19041.4355_none_60b8b9eb71f62e16;C:\Users\doans\.jdks\corretto-23.0.2\bin\server

VM Arguments:
jvm_args: -XX:TieredStopAtLevel=1 -Dspring.output.ansi.enabled=always -Dcom.sun.management.jmxremote -Dspring.jmx.enabled=true -Dspring.liveBeansView.mbeanDomain -Dspring.application.admin.enabled=true -Dmanagement.endpoints.jmx.exposure.include=* -javaagent:C:\Program Files\JetBrains\IntelliJ IDEA 2024.3.5\lib\idea_rt.jar=54358 -Dfile.encoding=UTF-8 -Dsun.stdout.encoding=UTF-8 -Dsun.stderr.encoding=UTF-8 
java_command: com.example.security.SecurityApplication
java_class_path (initial): C:\Users\doans\IdeaProjects\spring-security\target\classes;C:\Users\doans\.m2\repository\org\springframework\boot\spring-boot-starter-data-jpa\3.4.5\spring-boot-starter-data-jpa-3.4.5.jar;C:\Users\doans\.m2\repository\org\springframework\boot\spring-boot-starter\3.4.5\spring-boot-starter-3.4.5.jar;C:\Users\doans\.m2\repository\org\springframework\boot\spring-boot-starter-logging\3.4.5\spring-boot-starter-logging-3.4.5.jar;C:\Users\doans\.m2\repository\ch\qos\logback\logback-classic\1.5.18\logback-classic-1.5.18.jar;C:\Users\doans\.m2\repository\ch\qos\logback\logback-core\1.5.18\logback-core-1.5.18.jar;C:\Users\doans\.m2\repository\org\apache\logging\log4j\log4j-to-slf4j\2.24.3\log4j-to-slf4j-2.24.3.jar;C:\Users\doans\.m2\repository\org\apache\logging\log4j\log4j-api\2.24.3\log4j-api-2.24.3.jar;C:\Users\doans\.m2\repository\org\slf4j\jul-to-slf4j\2.0.17\jul-to-slf4j-2.0.17.jar;C:\Users\doans\.m2\repository\jakarta\annotation\jakarta.annotation-api\2.1.1\jakarta.annotation-api-2.1.1.jar;C:\Users\doans\.m2\repository\org\yaml\snakeyaml\2.3\snakeyaml-2.3.jar;C:\Users\doans\.m2\repository\org\springframework\boot\spring-boot-starter-jdbc\3.4.5\spring-boot-starter-jdbc-3.4.5.jar;C:\Users\doans\.m2\repository\com\zaxxer\HikariCP\5.1.0\HikariCP-5.1.0.jar;C:\Users\doans\.m2\repository\org\springframework\spring-jdbc\6.2.6\spring-jdbc-6.2.6.jar;C:\Users\doans\.m2\repository\org\hibernate\orm\hibernate-core\6.6.13.Final\hibernate-core-6.6.13.Final.jar;C:\Users\doans\.m2\repository\jakarta\persistence\jakarta.persistence-api\3.1.0\jakarta.persistence-api-3.1.0.jar;C:\Users\doans\.m2\repository\jakarta\transaction\jakarta.transaction-api\2.0.1\jakarta.transaction-api-2.0.1.jar;C:\Users\doans\.m2\repository\org\jboss\logging\jboss-logging\3.6.1.Final\jboss-logging-3.6.1.Final.jar;C:\Users\doans\.m2\repository\org\hibernate\common\hibernate-commons-annotations\7.0.3.Final\hibernate-commons-annotations-7.0.3.Final.jar;C:\Users\doans\.m2\repository\io\smallrye\jandex\3.2.0\jandex-3.2.0.jar;C:\Users\doans\.m2\repository\com\fasterxml\classmate\1.7.0\classmate-1.7.0.jar;C:\Users\doans\.m2\repository\net\bytebuddy\byte-buddy\1.15.11\byte-buddy-1.15.11.jar;C:\Users\doans\.m2\repository\org\glassfish\jaxb\jaxb-runtime\4.0.5\jaxb-runtime-4.0.5.jar;C:\Users\doans\.m2\repository\org\glassfish\jaxb\jaxb-core\4.0.5\jaxb-core-4.0.5.jar;C:\Users\doans\.m2\repository\org\eclipse\angus\angus-activation\2.0.2\angus-activation-2.0.2.jar;C:\Users\doans\.m2\repository\org\glassfish\jaxb\txw2\4.0.5\txw2-4.0.5.jar;C:\Users\doans\.m2\repository\com\sun\istack\istack-commons-runtime\4.1.2\istack-commons-runtime-4.1.2.jar;C:\Users\doans\.m2\repository\jakarta\inject\jakarta.inject-api\2.0.1\jakarta.inject-api-2.0.1.jar;C:\Users\doans\.m2\repository\org\antlr\antlr4-runtime\4.13.0\antlr4-runtime-4.13.0.jar;C:\Users\doans\.m2\repository\org\springframework\data\spring-data-jpa\3.4.5\spring-data-jpa-3.4.5.jar;C:\Users\doans\.m2\repository\org\springframework\data\spring-data-commons\3.4.5\spring-data-commons-3.4.5.jar;C:\Users\doans\.m2\repository\org\springframework\spring-orm\6.2.6\spring-orm-6.2.6.jar;C:\Users\doans\.m2\repository\org\springframework\spring-context\6.2.6\spring-context-6.2.6.jar;C:\Users\doans\.m2\repository\org\springframework\spring-tx\6.2.6\spring-tx-6.2.6.jar;C:\Users\doans\.m2\repository\org\springframework\spring-beans\6.2.6\spring-beans-6.2.6.jar;C:\Users\doans\.m2\repository\org\slf4j\slf4j-api\2.0.17\slf4j-api-2.0.17.jar;C:\Users\doans\.m2\repository\org\springframework\spring-aspects\6.2.6\spring-aspects-6.2.6.jar;C:\Users\doans\.m2\repository\org\aspectj\aspectjweaver\1.9.24\aspectjweaver-1.9.24.jar;C:\Users\doans\.m2\repository\com\mysql\mysql-connector-j\8.0.33\mysql-connector-j-8.0.33.jar;C:\Users\doans\.m2\repository\org\springframework\boot\spring-boot-starter-security\3.4.5\spring-boot-starter-security-3.4.5.jar;C:\Users\doans\.m2\repository\org\springframework\spring-aop\6.2.6\spring-aop-6.2.6.jar;C:\Users\doans\.m2\repository\org\springframework\security\spring-security-config\6.4.5\spring-security-config-6.4.5.jar;C:\Users\doans\.m2\repository\org\springframework\security\spring-security-web\6.4.5\spring-security-web-6.4.5.jar;C:\Users\doans\.m2\repository\org\springframework\spring-expression\6.2.6\spring-expression-6.2.6.jar;C:\Users\doans\.m2\repository\org\springframework\boot\spring-boot-starter-web\3.4.5\spring-boot-starter-web-3.4.5.jar;C:\Users\doans\.m2\repository\org\springframework\boot\spring-boot-starter-json\3.4.5\spring-boot-starter-json-3.4.5.jar;C:\Users\doans\.m2\repository\com\fasterxml\jackson\datatype\jackson-datatype-jdk8\2.18.3\jackson-datatype-jdk8-2.18.3.jar;C:\Users\doans\.m2\repository\com\fasterxml\jackson\datatype\jackson-datatype-jsr310\2.18.3\jackson-datatype-jsr310-2.18.3.jar;C:\Users\doans\.m2\repository\com\fasterxml\jackson\module\jackson-module-parameter-names\2.18.3\jackson-module-parameter-names-2.18.3.jar;C:\Users\doans\.m2\repository\org\springframework\boot\spring-boot-starter-tomcat\3.4.5\spring-boot-starter-tomcat-3.4.5.jar;C:\Users\doans\.m2\repository\org\apache\tomcat\embed\tomcat-embed-core\10.1.40\tomcat-embed-core-10.1.40.jar;C:\Users\doans\.m2\repository\org\apache\tomcat\embed\tomcat-embed-el\10.1.40\tomcat-embed-el-10.1.40.jar;C:\Users\doans\.m2\repository\org\apache\tomcat\embed\tomcat-embed-websocket\10.1.40\tomcat-embed-websocket-10.1.40.jar;C:\Users\doans\.m2\repository\org\springframework\spring-web\6.2.6\spring-web-6.2.6.jar;C:\Users\doans\.m2\repository\io\micrometer\micrometer-observation\1.14.6\micrometer-observation-1.14.6.jar;C:\Users\doans\.m2\repository\io\micrometer\micrometer-commons\1.14.6\micrometer-commons-1.14.6.jar;C:\Users\doans\.m2\repository\org\springframework\spring-webmvc\6.2.6\spring-webmvc-6.2.6.jar;C:\Users\doans\.m2\repository\io\jsonwebtoken\jjwt-api\0.11.2\jjwt-api-0.11.2.jar;C:\Users\doans\.m2\repository\io\jsonwebtoken\jjwt-impl\0.11.2\jjwt-impl-0.11.2.jar;C:\Users\doans\.m2\repository\io\jsonwebtoken\jjwt-jackson\0.11.2\jjwt-jackson-0.11.2.jar;C:\Users\doans\.m2\repository\com\fasterxml\jackson\core\jackson-databind\2.18.3\jackson-databind-2.18.3.jar;C:\Users\doans\.m2\repository\com\fasterxml\jackson\core\jackson-annotations\2.18.3\jackson-annotations-2.18.3.jar;C:\Users\doans\.m2\repository\com\fasterxml\jackson\core\jackson-core\2.18.3\jackson-core-2.18.3.jar;C:\Users\doans\.m2\repository\org\springframework\boot\spring-boot-devtools\3.4.5\spring-boot-devtools-3.4.5.jar;C:\Users\doans\.m2\repository\org\springframework\boot\spring-boot\3.4.5\spring-boot-3.4.5.jar;C:\Users\doans\.m2\repository\org\springframework\boot\spring-boot-autoconfigure\3.4.5\spring-boot-autoconfigure-3.4.5.jar;C:\Users\doans\.m2\repository\org\projectlombok\lombok\1.18.38\lombok-1.18.38.jar;C:\Users\doans\.m2\repository\jakarta\xml\bind\jakarta.xml.bind-api\4.0.2\jakarta.xml.bind-api-4.0.2.jar;C:\Users\doans\.m2\repository\jakarta\activation\jakarta.activation-api\2.1.3\jakarta.activation-api-2.1.3.jar;C:\Users\doans\.m2\repository\org\springframework\spring-core\6.2.6\spring-core-6.2.6.jar;C:\Users\doans\.m2\repository\org\springframework\spring-jcl\6.2.6\spring-jcl-6.2.6.jar;C:\Users\doans\.m2\repository\org\springframework\security\spring-security-core\6.4.5\spring-security-core-6.4.5.jar;C:\Users\doans\.m2\repository\org\springframework\security\spring-security-crypto\6.4.5\spring-security-crypto-6.4.5.jar;C:\Users\doans\.m2\repository\org\springframework\boot\spring-boot-starter-data-jdbc\3.4.5\spring-boot-starter-data-jdbc-3.4.5.jar;C:\Users\doans\.m2\repository\org\springframework\data\spring-data-jdbc\3.4.5\spring-data-jdbc-3.4.5.jar;C:\Users\doans\.m2\repository\org\springframework\data\spring-data-relational\3.4.5\spring-data-relational-3.4.5.jar
Launcher Type: SUN_STANDARD

[Global flags]
     intx CICompilerCount                          = 4                                         {product} {ergonomic}
     uint ConcGCThreads                            = 2                                         {product} {ergonomic}
     uint G1ConcRefinementThreads                  = 8                                         {product} {ergonomic}
   size_t G1HeapRegionSize                         = 2097152                                   {product} {ergonomic}
   size_t InitialHeapSize                          = 264241152                                 {product} {ergonomic}
     bool ManagementServer                         = true                                      {product} {command line}
   size_t MarkStackSize                            = 4194304                                   {product} {ergonomic}
   size_t MarkStackSizeMax                         = 536870912                                 {product} {ergonomic}
   size_t MaxHeapSize                              = 4227858432                                {product} {ergonomic}
   size_t MaxNewSize                               = 2535456768                                {product} {ergonomic}
   size_t MinHeapDeltaBytes                        = 2097152                                   {product} {ergonomic}
   size_t MinHeapSize                              = 8388608                                   {product} {ergonomic}
    uintx NonNMethodCodeHeapSize                   = 4096                                   {pd product} {ergonomic}
    uintx NonProfiledCodeHeapSize                  = 0                                      {pd product} {ergonomic}
     bool ProfileInterpreter                       = false                                  {pd product} {command line}
    uintx ProfiledCodeHeapSize                     = 0                                      {pd product} {ergonomic}
   size_t SoftMaxHeapSize                          = 4227858432                             {manageable} {ergonomic}
     intx TieredStopAtLevel                        = 1                                         {product} {command line}
     bool UseCompressedOops                        = true                           {product lp64_product} {ergonomic}
     bool UseG1GC                                  = true                                      {product} {ergonomic}
     bool UseLargePagesIndividualAllocation        = false                                  {pd product} {ergonomic}

Logging:
Log output configuration:
 #0: stdout all=warning uptime,level,tags foldmultilines=false
 #1: stderr all=off uptime,level,tags foldmultilines=false

Environment Variables:
PATH=C:\Program Files\Common Files\Oracle\Java\javapath;C:\WINDOWS\system32;C:\WINDOWS;C:\WINDOWS\System32\Wbem;C:\WINDOWS\System32\WindowsPowerShell\v1.0\;C:\WINDOWS\System32\OpenSSH\;C:\Program Files\Git\cmd;;C:\Program Files\Maven\apache-maven-3.9.9\bin;C:\Users\doans\scoop\apps\maven\current\bin;C:\Users\doans\scoop\shims;C:\Users\doans\AppData\Local\Microsoft\WindowsApps;C:\Users\doans\AppData\Local\GitHubDesktop\bin;C:\Users\doans\AppData\Local\Programs\Microsoft VS Code\bin
USERNAME=doans
OS=Windows_NT
PROCESSOR_IDENTIFIER=Intel64 Family 6 Model 140 Stepping 1, GenuineIntel
TMP=C:\Users\doans\AppData\Local\Temp
TEMP=C:\Users\doans\AppData\Local\Temp




Periodic native trim disabled

---------------  S Y S T E M  ---------------

OS:
 Windows 10 , 64 bit Build 19041 (10.0.19041.5678)
OS uptime: 0 days 3:16 hours

CPU: total 8 (initial active 8) (4 cores per cpu, 2 threads per core) family 6 model 140 stepping 1 microcode 0xba, cx8, cmov, fxsr, ht, mmx, 3dnowpref, sse, sse2, sse3, ssse3, sse4.1, sse4.2, popcnt, lzcnt, tsc, tscinvbit, avx, avx2, aes, erms, clmul, bmi1, bmi2, adx, avx512f, avx512dq, avx512cd, avx512bw, avx512vl, sha, fma, vzeroupper, avx512_vpopcntdq, avx512_vpclmulqdq, avx512_vaes, avx512_vnni, clflush, clflushopt, clwb, avx512_vbmi2, avx512_vbmi, rdtscp, rdpid, fsrm, gfni, avx512_bitalg, f16c, pku, cet_ibt, cet_ss, avx512_ifma
Processor Information for processor 0
  Max Mhz: 2611, Current Mhz: 2611, Mhz Limit: 2611
Processor Information for processor 1
  Max Mhz: 2611, Current Mhz: 2611, Mhz Limit: 2611
Processor Information for processor 2
  Max Mhz: 2611, Current Mhz: 2611, Mhz Limit: 2611
Processor Information for processor 3
  Max Mhz: 2611, Current Mhz: 2611, Mhz Limit: 2611
Processor Information for processor 4
  Max Mhz: 2611, Current Mhz: 2611, Mhz Limit: 2611
Processor Information for processor 5
  Max Mhz: 2611, Current Mhz: 2611, Mhz Limit: 2611
Processor Information for processor 6
  Max Mhz: 2611, Current Mhz: 1405, Mhz Limit: 2611
Processor Information for processor 7
  Max Mhz: 2611, Current Mhz: 2611, Mhz Limit: 2611

Memory: 4k page, system-wide physical 16122M (2172M free)
TotalPageFile size 16122M (AvailPageFile size 83M)
current process WorkingSet (physical memory assigned to process): 160M, peak: 160M
current process commit charge ("private bytes"): 202M, peak: 382M

vm_info: OpenJDK 64-Bit Server VM (23.0.2+7-FR) for windows-amd64 JRE (23.0.2+7-FR), built on 2025-01-07T22:59:58Z with MS VC++ 16.10 / 16.11 (VS2019)

END.
